[www.bawanaplast.com/index.html]
[backblue.gif]
[fade.gif]
[index.html]
[www.bawanaplast.com/img/favicon.png]
[www.bawanaplast.com/img/logo.png]
[www.bawanaplast.com/aboutus.html]
[www.bawanaplast.com/fruit.html]
[www.bawanaplast.com/ind.html]
[www.bawanaplast.com/milk.html]
[www.bawanaplast.com/bakery.html]
[www.bawanaplast.com/enquiry.html]
[www.bawanaplast.com/contactus.html]
[www.bawanaplast.com/img/slider1.jpg]
[www.bawanaplast.com/img/slider2.jpg]
[www.bawanaplast.com/img/slider3.jpg]
[www.bawanaplast.com/img/red.jpg]
[www.bawanaplast.com/img/blue.jpg]
[www.bawanaplast.com/img/green.jpg]
[www.bawanaplast.com/img/about2.jpg]
[www.bawanaplast.com/img/cat1.jpg]
[www.bawanaplast.com/img/cat2.jpg]
[www.bawanaplast.com/img/cat3.jpg]
[www.bawanaplast.com/img/cat4.jpg]
[ajax.googleapis.com/ajax/libs/jquery/1.12.4/jquery.min.js]
[www.bawanaplast.com/js/bootstrap.min.js]
[www.bawanaplast.com/index.html]
[www.bawanaplast.com/index-2.html]
[www.bawanaplast.com/fonts/glyphicons-halflings-regular.eot]
[www.bawanaplast.com/fonts/glyphicons-halflings-regulard41d.eot]
[www.bawanaplast.com/fonts/glyphicons-halflings-regular.woff2]
[www.bawanaplast.com/fonts/glyphicons-halflings-regular.woff]
[www.bawanaplast.com/fonts/glyphicons-halflings-regular.ttf]
[www.bawanaplast.com/css/bootstrap.min.css]
[www.bawanaplast.com/fonts/fontawesome-webfont3e6e.eot]
[www.bawanaplast.com/fonts/fontawesome-webfontd41d.eot]
[www.bawanaplast.com/fonts/fontawesome-webfont3e6e.woff2]
[www.bawanaplast.com/fonts/fontawesome-webfont3e6e.woff]
[www.bawanaplast.com/fonts/fontawesome-webfont3e6e.ttf]
[www.bawanaplast.com/css/font-awesome.min.css]
[www.bawanaplast.com/css/style.css]
[www.bawanaplast.com/css/nebula.css]
[www.bawanaplast.com/img/about.jpg]
[www.bawanaplast.com/aboutus.html]
[www.bawanaplast.com/img/1.png]
[www.bawanaplast.com/img/2.png]
[www.bawanaplast.com/img/3.png]
[www.bawanaplast.com/img/4.png]
[www.bawanaplast.com/img/grapes.png]
[www.bawanaplast.com/img/mango.png]
[www.bawanaplast.com/img/banana.png]
[www.bawanaplast.com/fruit.html]
[www.bawanaplast.com/img/in1.png]
[www.bawanaplast.com/img/in2.png]
[www.bawanaplast.com/img/in3.png]
[www.bawanaplast.com/img/in4.png]
[www.bawanaplast.com/img/6.png]
[www.bawanaplast.com/img/8.png]
[www.bawanaplast.com/ind.html]
[www.bawanaplast.com/img/m1.png]
[www.bawanaplast.com/img/m2.png]
[www.bawanaplast.com/img/m3.png]
[www.bawanaplast.com/milk.html]
[www.bawanaplast.com/img/b1.png]
[www.bawanaplast.com/img/b2.png]
[www.bawanaplast.com/bakery.html]
[www.bawanaplast.com/img/enq.jpg]
[www.bawanaplast.com/enquiry.html]
[www.bawanaplast.com/contactus.html]
[www.bawanaplast.com/fonts/glyphicons-halflings-regular.svg]
[www.bawanaplast.com/fonts/fontawesome-webfont3e6e.svg]
